[handleMsg]:  {
  key: {
    remoteJid: '593967645647@s.whatsapp.net',
    fromMe: false,
    id: '3EB0C5F09B9DE5481616D4',
    participant: undefined
  },
  messageTimestamp: 1694726099,
  pushName: 'Janeth',
  broadcast: false,
  message: Message {
    conversation: 'menu',
    messageContextInfo: MessageContextInfo {
      deviceListMetadata: [DeviceListMetadata],
      deviceListMetadataVersion: 2
    }
  },
  body: 'menu',
  from: '593967645647'
}
[handleMsg]:  {
  key: {
    remoteJid: '593967021192@s.whatsapp.net',
    fromMe: false,
    id: '3A8C042D335E02135341',
    participant: undefined
  },
  messageTimestamp: 1694726121,
  pushName: 'Fernanda Ruales',
  broadcast: false,
  message: Message {
    conversation: 'Pancho la mam치 de la Dafne tal vez te escribi칩',
    messageContextInfo: MessageContextInfo {
      deviceListMetadata: [DeviceListMetadata],
      deviceListMetadataVersion: 2
    }
  },
  body: 'Pancho la mam치 de la Dafne tal vez te escribi칩',
  from: '593967021192'
}
[handleMsg]:  {
  key: {
    remoteJid: '593967021192@s.whatsapp.net',
    fromMe: false,
    id: '3A6C6D0E1C3715CB0BE8',
    participant: undefined
  },
  messageTimestamp: 1694726126,
  pushName: 'Fernanda Ruales',
  broadcast: false,
  message: Message {
    conversation: 'Para eso de la piscina',
    messageContextInfo: MessageContextInfo {
      deviceListMetadata: [DeviceListMetadata],
      deviceListMetadataVersion: 2
    }
  },
  body: 'Para eso de la piscina',
  from: '593967021192'
}
[handleMsg]:  {
  key: {
    remoteJid: '593967645647@s.whatsapp.net',
    fromMe: false,
    id: '3EB079F5AC41212A1318C6',
    participant: undefined
  },
  messageTimestamp: 1694726158,
  pushName: 'Janeth',
  broadcast: false,
  message: Message {
    conversation: 'a6',
    messageContextInfo: MessageContextInfo {
      deviceListMetadata: [DeviceListMetadata],
      deviceListMetadataVersion: 2
    }
  },
  body: 'a6',
  from: '593967645647'
}
[handleMsg]:  {
  key: {
    remoteJid: '593967645647@s.whatsapp.net',
    fromMe: false,
    id: '3EB09FB5BFD289913F8058',
    participant: undefined
  },
  messageTimestamp: 1694726182,
  pushName: 'Janeth',
  broadcast: false,
  message: Message {
    conversation: 'menu',
    messageContextInfo: MessageContextInfo {
      deviceListMetadata: [DeviceListMetadata],
      deviceListMetadataVersion: 2
    }
  },
  body: 'menu',
  from: '593967645647'
}
[handleMsg]:  {
  key: {
    remoteJid: '593967645647@s.whatsapp.net',
    fromMe: false,
    id: '3EB00A633B46A3B2E5967D',
    participant: undefined
  },
  messageTimestamp: 1694726190,
  pushName: 'Janeth',
  broadcast: false,
  message: Message {
    conversation: 'd10',
    messageContextInfo: MessageContextInfo {
      deviceListMetadata: [DeviceListMetadata],
      deviceListMetadataVersion: 2
    }
  },
  body: 'd10',
  from: '593967645647'
}
[handleMsg]:  {
  key: {
    remoteJid: '593967645647@s.whatsapp.net',
    fromMe: false,
    id: '3EB0F2A062E1F154924B8F',
    participant: undefined
  },
  messageTimestamp: 1694726206,
  pushName: 'Janeth',
  broadcast: false,
  message: Message {
    conversation: 'salir',
    messageContextInfo: MessageContextInfo {
      deviceListMetadata: [DeviceListMetadata],
      deviceListMetadataVersion: 2
    }
  },
  body: 'salir',
  from: '593967645647'
}
[handleMsg]:  {
  key: {
    remoteJid: '593967645647@s.whatsapp.net',
    fromMe: false,
    id: '3EB0DB2D1051199E7FF8DB',
    participant: undefined
  },
  messageTimestamp: 1694726324,
  pushName: 'Janeth',
  broadcast: false,
  message: Message {
    conversation: 'menu',
    messageContextInfo: MessageContextInfo {
      deviceListMetadata: [DeviceListMetadata],
      deviceListMetadataVersion: 2
    }
  },
  body: 'menu',
  from: '593967645647'
}
[handleMsg]:  {
  key: {
    remoteJid: '593997215828@s.whatsapp.net',
    fromMe: false,
    id: '13004BB42C6F49676A2D07C889AF2168',
    participant: undefined
  },
  messageTimestamp: 1694726325,
  pushName: 'Klaus',
  broadcast: false,
  message: Message {
    conversation: 'Menu',
    messageContextInfo: MessageContextInfo {
      deviceListMetadata: [DeviceListMetadata],
      deviceListMetadataVersion: 2
    }
  },
  body: 'Menu',
  from: '593997215828'
}
[handleMsg]:  {
  key: {
    remoteJid: '593967645647@s.whatsapp.net',
    fromMe: false,
    id: '3EB0504DD49F79A01E58A6',
    participant: undefined
  },
  messageTimestamp: 1694726340,
  pushName: 'Janeth',
  broadcast: false,
  message: Message {
    conversation: 'd10',
    messageContextInfo: MessageContextInfo {
      deviceListMetadata: [DeviceListMetadata],
      deviceListMetadataVersion: 2
    }
  },
  body: 'd10',
  from: '593967645647'
}
[handleMsg]:  {
  key: {
    remoteJid: '593997215828@s.whatsapp.net',
    fromMe: false,
    id: 'E93D03D128DB9A6505BAF83D942FE4F4',
    participant: undefined
  },
  messageTimestamp: 1694726352,
  pushName: 'Klaus',
  broadcast: false,
  message: Message {
    conversation: 'A6',
    messageContextInfo: MessageContextInfo {
      deviceListMetadata: [DeviceListMetadata],
      deviceListMetadataVersion: 2
    }
  },
  body: 'A6',
  from: '593997215828'
}
[handleMsg]:  {
  key: {
    remoteJid: '593997215828@s.whatsapp.net',
    fromMe: false,
    id: '2392B5DF1914352B6737B62ECA5D3CDE',
    participant: undefined
  },
  messageTimestamp: 1694726359,
  pushName: 'Klaus',
  broadcast: false,
  message: Message {
    conversation: 'A6',
    messageContextInfo: MessageContextInfo {
      deviceListMetadata: [DeviceListMetadata],
      deviceListMetadataVersion: 2
    }
  },
  body: 'A6',
  from: '593997215828'
}
[handleMsg]:  {
  key: {
    remoteJid: '593997215828@s.whatsapp.net',
    fromMe: false,
    id: '3EB0B647E67B78061C604D',
    participant: undefined
  },
  messageTimestamp: 1694726425,
  pushName: 'Klaus',
  broadcast: false,
  message: Message {
    conversation: 'a10',
    messageContextInfo: MessageContextInfo {
      deviceListMetadata: [DeviceListMetadata],
      deviceListMetadataVersion: 2
    }
  },
  body: 'a10',
  from: '593997215828'
}
[handleMsg]:  {
  key: {
    remoteJid: '593997215828@s.whatsapp.net',
    fromMe: false,
    id: '3EB0D603923DC2EF6F6D7A',
    participant: undefined
  },
  messageTimestamp: 1694726431,
  pushName: 'Klaus',
  broadcast: false,
  message: Message {
    conversation: 'a10',
    messageContextInfo: MessageContextInfo {
      deviceListMetadata: [DeviceListMetadata],
      deviceListMetadataVersion: 2
    }
  },
  body: 'a10',
  from: '593997215828'
}
[handleMsg]:  {
  key: {
    remoteJid: '593967645647@s.whatsapp.net',
    fromMe: false,
    id: '3EB03FA2EEC7C4F4673E14',
    participant: undefined
  },
  messageTimestamp: 1694726498,
  pushName: 'Janeth',
  broadcast: false,
  message: Message {
    conversation: 'a4',
    messageContextInfo: MessageContextInfo {
      deviceListMetadata: [DeviceListMetadata],
      deviceListMetadataVersion: 2
    }
  },
  body: 'a4',
  from: '593967645647'
}
[handleMsg]:  {
  key: {
    remoteJid: '593997215828@s.whatsapp.net',
    fromMe: false,
    id: 'CDCED486F3667B21EDF55A08DC88D2AA',
    participant: undefined
  },
  messageTimestamp: 1694726498,
  pushName: 'Klaus',
  broadcast: false,
  message: Message {
    conversation: 'Salir',
    messageContextInfo: MessageContextInfo {
      deviceListMetadata: [DeviceListMetadata],
      deviceListMetadataVersion: 2
    }
  },
  body: 'Salir',
  from: '593997215828'
}
